<?xml version="1.0" encoding="UTF-8"?>
<!-- Generated by org.testng.reporters.JUnitXMLReporter -->
<testsuite ignored="0" hostname="DESKTOP-9AFDMTT" failures="1" tests="3" name="AmazonTC04" time="285.069" errors="0" timestamp="2025-06-20T11:38:05 IST">
  <testcase classname="amazonpackage.AmazonProjectMaven.TC04_EditProfileInformation" name="EditProfileInformation" time="89.474">
    <skipped/>
  </testcase> <!-- EditProfileInformation -->
  <testcase classname="amazonpackage.AmazonProjectMaven.TC04_EditProfileInformation" name="EditProfileInformation" time="58.672">
    <skipped/>
  </testcase> <!-- EditProfileInformation -->
  <testcase classname="amazonpackage.AmazonProjectMaven.TC04_EditProfileInformation" name="EditProfileInformation" time="74.772">
    <failure type="org.openqa.selenium.ElementClickInterceptedException" message="element click intercepted: Element &amp;lt;span class=&amp;quot;a-button-text&amp;quot; aria-hidden=&amp;quot;true&amp;quot; id=&amp;quot;a-autoid-0-announce&amp;quot;&amp;gt;...&amp;lt;/span&amp;gt; is not clickable at point (527, 374). Other element would receive the click: &amp;lt;input id=&amp;quot;cnep_1C_submit_button&amp;quot; tabindex=&amp;quot;3&amp;quot; class=&amp;quot;a-button-input&amp;quot; type=&amp;quot;submit&amp;quot; aria-labelledby=&amp;quot;a-autoid-0-announce&amp;quot;&amp;gt;
  (Session info: MicrosoftEdge=137.0.3296.83)
Build info: version: &amp;apos;4.33.0&amp;apos;, revision: &amp;apos;2c6aaad03a&amp;apos;
System info: os.name: &amp;apos;Windows 11&amp;apos;, os.arch: &amp;apos;amd64&amp;apos;, os.version: &amp;apos;10.0&amp;apos;, java.version: &amp;apos;23.0.1&amp;apos;
Driver info: org.openqa.selenium.edge.EdgeDriver
Command: [4c8f150cfd562b5317069f5e741a6708, clickElement {id=f.EF5B5BD3AC3EBFF81E6D667AD2B3C6CE.d.48D783A82861DC29C29928BB35E90BE2.e.424}]
Capabilities {acceptInsecureCerts: false, browserName: MicrosoftEdge, browserVersion: 137.0.3296.83, fedcm:accounts: true, ms:edgeOptions: {debuggerAddress: localhost:64453}, msedge: {msedgedriverVersion: 137.0.3296.83 (24e00e9cccf2..., userDataDir: C:\Users\welcome\AppData\Lo...}, networkConnectionEnabled: false, pageLoadStrategy: normal, platformName: windows, proxy: Proxy(), se:cdp: ws://localhost:64453/devtoo..., se:cdpVersion: 137.0.3296.83, setWindowRect: true, strictFileInteractability: false, timeouts: {implicit: 0, pageLoad: 300000, script: 30000}, unhandledPromptBehavior: dismiss and notify, webauthn:extension:credBlob: true, webauthn:extension:largeBlob: true, webauthn:extension:minPinLength: true, webauthn:extension:prf: true, webauthn:virtualAuthenticators: true}
Element: [[EdgeDriver: MicrosoftEdge on windows (4c8f150cfd562b5317069f5e741a6708)] -&amp;gt; xpath: //span[contains(text(),&amp;apos;Save changes&amp;apos;)]]
Session ID: 4c8f150cfd562b5317069f5e741a6708">
      <![CDATA[org.openqa.selenium.ElementClickInterceptedException: element click intercepted: Element <span class="a-button-text" aria-hidden="true" id="a-autoid-0-announce">...</span> is not clickable at point (527, 374). Other element would receive the click: <input id="cnep_1C_submit_button" tabindex="3" class="a-button-input" type="submit" aria-labelledby="a-autoid-0-announce">
  (Session info: MicrosoftEdge=137.0.3296.83)
Build info: version: '4.33.0', revision: '2c6aaad03a'
System info: os.name: 'Windows 11', os.arch: 'amd64', os.version: '10.0', java.version: '23.0.1'
Driver info: org.openqa.selenium.edge.EdgeDriver
Command: [4c8f150cfd562b5317069f5e741a6708, clickElement {id=f.EF5B5BD3AC3EBFF81E6D667AD2B3C6CE.d.48D783A82861DC29C29928BB35E90BE2.e.424}]
Capabilities {acceptInsecureCerts: false, browserName: MicrosoftEdge, browserVersion: 137.0.3296.83, fedcm:accounts: true, ms:edgeOptions: {debuggerAddress: localhost:64453}, msedge: {msedgedriverVersion: 137.0.3296.83 (24e00e9cccf2..., userDataDir: C:\Users\welcome\AppData\Lo...}, networkConnectionEnabled: false, pageLoadStrategy: normal, platformName: windows, proxy: Proxy(), se:cdp: ws://localhost:64453/devtoo..., se:cdpVersion: 137.0.3296.83, setWindowRect: true, strictFileInteractability: false, timeouts: {implicit: 0, pageLoad: 300000, script: 30000}, unhandledPromptBehavior: dismiss and notify, webauthn:extension:credBlob: true, webauthn:extension:largeBlob: true, webauthn:extension:minPinLength: true, webauthn:extension:prf: true, webauthn:virtualAuthenticators: true}
Element: [[EdgeDriver: MicrosoftEdge on windows (4c8f150cfd562b5317069f5e741a6708)] -> xpath: //span[contains(text(),'Save changes')]]
Session ID: 4c8f150cfd562b5317069f5e741a6708
at org.openqa.selenium.remote.ErrorCodec.decode(ErrorCodec.java:167)
at org.openqa.selenium.remote.codec.w3c.W3CHttpResponseCodec.decode(W3CHttpResponseCodec.java:138)
at org.openqa.selenium.remote.codec.w3c.W3CHttpResponseCodec.decode(W3CHttpResponseCodec.java:50)
at org.openqa.selenium.remote.HttpCommandExecutor.execute(HttpCommandExecutor.java:215)
at org.openqa.selenium.remote.service.DriverCommandExecutor.invokeExecute(DriverCommandExecutor.java:216)
at org.openqa.selenium.remote.service.DriverCommandExecutor.execute(DriverCommandExecutor.java:174)
at org.openqa.selenium.remote.RemoteWebDriver.execute(RemoteWebDriver.java:544)
at org.openqa.selenium.remote.RemoteWebElement.execute(RemoteWebElement.java:223)
at org.openqa.selenium.remote.RemoteWebElement.click(RemoteWebElement.java:76)
at org.openqa.selenium.support.pagefactory.internal.LocatingElementHandler.invoke(LocatingElementHandler.java:51)
at jdk.proxy2/jdk.proxy2.$Proxy16.click(Unknown Source)
at amazonpackage.AmazonProjectMaven.AmzLoginSecurityPage.clickOnSaveChangesBtn(AmzLoginSecurityPage.java:72)
at amazonpackage.AmazonProjectMaven.TC04_EditProfileInformation.EditProfileInformation(TC04_EditProfileInformation.java:59)
at java.base/java.util.ArrayList.forEach(ArrayList.java:1597)
at java.base/java.util.concurrent.FutureTask.run(FutureTask.java:317)
at java.base/java.util.concurrent.ThreadPoolExecutor.runWorker(ThreadPoolExecutor.java:1144)
at java.base/java.util.concurrent.ThreadPoolExecutor$Worker.run(ThreadPoolExecutor.java:642)
at java.base/java.lang.Thread.run(Thread.java:1575)
... Removed 20 stack frames]]>
    </failure>
  </testcase> <!-- EditProfileInformation -->
</testsuite> <!-- AmazonTC04 -->
